<?xml version="1.0" encoding="UTF-8"?>
<testng-results skipped="0" failed="0" ignored="0" total="1" passed="1">
  <reporter-output>
  </reporter-output>
  <suite name="Default suite" duration-ms="10635" started-at="2017-01-03T19:51:38Z" finished-at="2017-01-03T19:51:49Z">
    <groups>
    </groups>
    <test name="Default test" duration-ms="10635" started-at="2017-01-03T19:51:38Z" finished-at="2017-01-03T19:51:49Z">
      <class name="basics.AssertandVerify">
        <test-method status="PASS" signature="assertion()[pri:0, instance:basics.AssertandVerify@3bfdc050]" name="assertion" duration-ms="10613" started-at="2017-01-03T13:51:39Z" finished-at="2017-01-03T13:51:49Z">
          <reporter-output>
          </reporter-output>
        </test-method> <!-- assertion -->
      </class> <!-- basics.AssertandVerify -->
    </test> <!-- Default test -->
  </suite> <!-- Default suite -->
</testng-results>
