<?xml version="1.0" encoding="UTF-8"?>
<!-- Generated by org.testng.reporters.JUnitXMLReporter -->
<testsuite hostname="Bonny" ignored="0" name="Validation Test" tests="7" failures="0" timestamp="17 Dec 2016 21:10:58 GMT" time="0.09" errors="0">
  <testcase name="Aname" time="0.009" classname="tutorial.Testng"/>
  <testcase name="Bname" time="0.002" classname="tutorial.Testng"/>
  <testcase name="parametere" time="0.001" classname="tutorial.Testng"/>
  <testcase name="parametere" time="0.002" classname="tutorial.DataProvided"/>
  <testcase name="userid" time="0.001" classname="tutorial.DataProvided"/>
  <testcase name="userid" time="0.005" classname="tutorial.DataProvided"/>
  <testcase name="userid" time="0.004" classname="tutorial.DataProvided"/>
</testsuite> <!-- Validation Test -->
